<?xml version="1.0" encoding="UTF-8"?>
<!-- Generated by org.testng.reporters.JUnitReportReporter -->
<testsuite hostname="DESKTOP-JAQ0FH0" failures="0" tests="1" name="com.shopperStackTest.Tc01_AddToCartTheProduct" time="26.523" errors="0" timestamp="2023-03-30T09:46:41 IST" skipped="0">
  <testcase classname="com.shopperStackTest.Tc01_AddToCartTheProduct" name="tc01_AddToCartTheProductTest" time="26.523"/>
  <system-out/>
</testsuite> <!-- com.shopperStackTest.Tc01_AddToCartTheProduct -->
