<?xml version="1.0" encoding="UTF-8"?>
<!-- Generated by org.testng.reporters.JUnitReportReporter -->
<testsuite hostname="DESKTOP-JAQ0FH0" failures="0" tests="1" name="Example" time="6.594" errors="0" timestamp="2023-03-29T22:31:11 IST" skipped="0">
  <testcase classname="Example" name="exampleTest" time="6.594"/>
  <system-out/>
</testsuite> <!-- Example -->
